This is pdfTeXk, Version 3.141592-1.40.3 (Web2C 7.5.6) (format=latex 2008.6.17)  1 MAY 2009 00:05
entering extended mode
 %&-line parsing enabled.
**delself.tex
(./delself.tex
LaTeX2e <2005/12/01>
Babel <v3.8h> and hyphenation patterns for english, usenglishmax, dumylang, noh
yphenation, loaded.
(/usr/share/texmf-texlive/tex/latex/base/latex209.def
File: latex209.def 1998/05/13 v0.52 Standard LaTeX file


          Entering LaTeX 2.09 COMPATIBILITY MODE
 *************************************************************
    !!WARNING!!    !!WARNING!!    !!WARNING!!    !!WARNING!!   
 
 This mode attempts to provide an emulation of the LaTeX 2.09
 author environment so that OLD documents can be successfully
 processed. It should NOT be used for NEW documents!
 
 New documents should use Standard LaTeX conventions and start
 with the \documentclass command.
 
 Compatibility mode is UNLIKELY TO WORK with LaTeX 2.09 style
 files that change any internal macros, especially not with
 those that change the FONT SELECTION or OUTPUT ROUTINES.
 
 Therefore such style files MUST BE UPDATED to use
          Current Standard LaTeX: LaTeX2e.
 If you suspect that you may be using such a style file, which
 is probably very, very old by now, then you should attempt to
 get it updated by sending a copy of this error message to the
 author of that file.
 *************************************************************

\footheight=\dimen102
\@maxsep=\dimen103
\@dblmaxsep=\dimen104
\@cla=\count79
\@clb=\count80
\mscount=\count81
(/usr/share/texmf-texlive/tex/latex/base/tracefnt.sty
Package: tracefnt 1997/05/29 v3.0j Standard LaTeX package (font tracing)
\tracingfonts=\count82
LaTeX Info: Redefining \selectfont on input line 101.
)
\symbold=\mathgroup4
\symsans=\mathgroup5
\symtypewriter=\mathgroup6
\symitalic=\mathgroup7
\symsmallcaps=\mathgroup8
\symslanted=\mathgroup9
LaTeX Font Info:    Redeclaring math alphabet \mathbf on input line 293.
LaTeX Font Info:    Redeclaring math alphabet \mathsf on input line 294.
LaTeX Font Info:    Redeclaring math alphabet \mathtt on input line 295.
LaTeX Font Info:    Redeclaring math alphabet \mathit on input line 301.
LaTeX Info: Redefining \em on input line 311.

(/usr/share/texmf-texlive/tex/latex/base/latexsym.sty
Package: latexsym 1998/08/17 v2.2e Standard LaTeX package (lasy symbols)
\symlasy=\mathgroup10
LaTeX Font Info:    Overwriting symbol font `lasy' in version `bold'
(Font)                  U/lasy/m/n --> U/lasy/b/n on input line 47.
)
LaTeX Font Info:    Redeclaring math delimiter \lgroup on input line 375.
LaTeX Font Info:    Redeclaring math delimiter \rgroup on input line 377.
LaTeX Font Info:    Redeclaring math delimiter \bracevert on input line 379.
)
(/usr/share/texmf-texlive/tex/latex/base/article.cls
Document Class: article 2005/09/16 v1.4f Standard LaTeX document class
(/usr/share/texmf-texlive/tex/latex/base/size10.clo
File: size10.clo 2005/09/16 v1.4f Standard LaTeX file (size option)
)
\c@part=\count83
\c@section=\count84
\c@subsection=\count85
\c@subsubsection=\count86
\c@paragraph=\count87
\c@subparagraph=\count88
\c@figure=\count89
\c@table=\count90
\abovecaptionskip=\skip41
\belowcaptionskip=\skip42
Compatibility mode: definition of \rm ignored.
Compatibility mode: definition of \sf ignored.
Compatibility mode: definition of \tt ignored.
Compatibility mode: definition of \bf ignored.
Compatibility mode: definition of \it ignored.
Compatibility mode: definition of \sl ignored.
Compatibility mode: definition of \sc ignored.
LaTeX Info: Redefining \cal on input line 506.
LaTeX Info: Redefining \mit on input line 507.
\bibindent=\dimen105
)

! LaTeX Error: File `/local/tex/inputs/fig.sty' not found.

Type X to quit or <RETURN> to proceed,
or enter new name. (Default extension: sty)

Enter file name: 
(./delself.aux)
\openout1 = `delself.aux'.

LaTeX Font Info:    Checking defaults for OML/cmm/m/it on input line 23.
LaTeX Font Info:    ... okay on input line 23.
LaTeX Font Info:    Checking defaults for T1/cmr/m/n on input line 23.
LaTeX Font Info:    ... okay on input line 23.
LaTeX Font Info:    Checking defaults for OT1/cmr/m/n on input line 23.
LaTeX Font Info:    ... okay on input line 23.
LaTeX Font Info:    Checking defaults for OMS/cmsy/m/n on input line 23.
LaTeX Font Info:    ... okay on input line 23.
LaTeX Font Info:    Checking defaults for OMX/cmex/m/n on input line 23.
LaTeX Font Info:    ... okay on input line 23.
LaTeX Font Info:    Checking defaults for U/cmr/m/n on input line 23.
LaTeX Font Info:    ... okay on input line 23.
LaTeX Font Info:    External font `cmex10' loaded for size
(Font)              <17.28> on input line 36.
LaTeX Font Info:    External font `cmex10' loaded for size
(Font)              <12> on input line 36.
LaTeX Font Info:    Try loading font information for U+lasy on input line 36.
 (/usr/share/texmf-texlive/tex/latex/base/ulasy.fd
File: ulasy.fd 1998/08/17 v2.2e LaTeX symbol font definitions
)
LaTeX Font Info:    External font `cmex10' loaded for size
(Font)              <8> on input line 36.
LaTeX Font Info:    External font `cmex10' loaded for size
(Font)              <6> on input line 36.
LaTeX Font Info:    External font `cmex10' loaded for size
(Font)              <9> on input line 41.
LaTeX Font Info:    External font `cmex10' loaded for size
(Font)              <5> on input line 41.
 [1

]
LaTeX Font Info:    External font `cmex10' loaded for size
(Font)              <7> on input line 72.


LaTeX Warning: Reference `fig:diagrams' on page 2 undefined on input line 80.


LaTeX Warning: Reference `fig:deltrans' on page 2 undefined on input line 165.

LaTeX Font Info:    Font shape `U/lasy/b/n' in size <7> not available
(Font)              Font shape `U/lasy/m/n' tried instead on input line 174.
LaTeX Font Info:    Font shape `U/lasy/b/n' in size <5> not available
(Font)              Font shape `U/lasy/m/n' tried instead on input line 174.
[2

] [3]

LaTeX Warning: Reference `fig:deltrans' on page 4 undefined on input line 292.


LaTeX Warning: Reference `fig:deltrans' on page 4 undefined on input line 298.

[4]

LaTeX Warning: Reference `fig:diagrams' on page 5 undefined on input line 402.


LaTeX Warning: Reference `fig:diagrams' on page 5 undefined on input line 409.

[5]

LaTeX Warning: Reference `fig:diagrams' on page 6 undefined on input line 441.


LaTeX Warning: Reference `fig:delself' on page 6 undefined on input line 487.


LaTeX Warning: Reference `fig:delself' on page 6 undefined on input line 513.


LaTeX Warning: Reference `fig:delself' on page 6 undefined on input line 519.


LaTeX Warning: Reference `fig:delself' on page 6 undefined on input line 522.

[6] [7]
LaTeX Font Info:    Try loading font information for OMS+cmr on input line 662.

 (/usr/share/texmf-texlive/tex/latex/base/omscmr.fd
File: omscmr.fd 1999/05/25 v2.5h Standard LaTeX font definitions
)
LaTeX Font Info:    Font shape `OMS/cmr/m/n' in size <10> not available
(Font)              Font shape `OMS/cmsy/m/n' tried instead on input line 662.
 [8]

LaTeX Warning: Reference `fig:diagrams' on page 9 undefined on input line 727.


LaTeX Warning: Citation `bhmp93a' on page 9 undefined on input line 729.


LaTeX Warning: Citation `bhmp93a' on page 9 undefined on input line 742.

[9]

LaTeX Warning: Reference `fig:test1' on page 10 undefined on input line 791.


LaTeX Warning: Reference `fig:test1' on page 10 undefined on input line 800.


LaTeX Warning: Reference `fig:test1' on page 10 undefined on input line 815.


LaTeX Warning: Reference `fig:test1' on page 10 undefined on input line 823.


LaTeX Warning: Reference `fig:test2' on page 10 undefined on input line 858.


LaTeX Warning: Reference `fig:test2' on page 10 undefined on input line 871.

[10]

LaTeX Warning: Reference `fig:test2' on page 11 undefined on input line 917.

[11]
! Undefined control sequence.
l.1035 \PSfigure
                {fig5.fig }{10}
? s
OK, entering \scrollmode...
[12]
! Undefined control sequence.
l.1050 \PSfigure
                {fig4.fig }{10}
The control sequence at the end of the top line
of your error message was never \def'ed. If you have
misspelled it (e.g., `\hobx'), type `I' and the correct
spelling (e.g., `I\hbox'). Otherwise just continue,
and I'll forget about whatever was undefined.

[13

]
! Undefined control sequence.
l.1065 \PSfigure
                {fig6.fig }{10}
The control sequence at the end of the top line
of your error message was never \def'ed. If you have
misspelled it (e.g., `\hobx'), type `I' and the correct
spelling (e.g., `I\hbox'). Otherwise just continue,
and I'll forget about whatever was undefined.

[14

] [15

]
! Undefined control sequence.
l.1088 \PSfigure
                {lambda.fig }{15}
The control sequence at the end of the top line
of your error message was never \def'ed. If you have
misspelled it (e.g., `\hobx'), type `I' and the correct
spelling (e.g., `I\hbox'). Otherwise just continue,
and I'll forget about whatever was undefined.

[16

]
! Undefined control sequence.
l.1105 \PSfigure
                {k100.fig }{15}
The control sequence at the end of the top line
of your error message was never \def'ed. If you have
misspelled it (e.g., `\hobx'), type `I' and the correct
spelling (e.g., `I\hbox'). Otherwise just continue,
and I'll forget about whatever was undefined.

[17

] (./delself.aux)

LaTeX Warning: There were undefined references.

 ) 
Here is how much of TeX's memory you used:
 515 strings out of 95087
 5896 string characters out of 1183278
 53655 words of memory out of 1500000
 3705 multiletter control sequences out of 10000+50000
 25839 words of font info for 94 fonts, out of 1200000 for 2000
 28 hyphenation exceptions out of 8191
 23i,12n,21p,370b,228s stack positions out of 5000i,500n,6000p,200000b,5000s

Output written on delself.dvi (17 pages, 65732 bytes).
