This is TeX, Version 3.14159 (Web2C 7.2) (format=latex 1998.8.7)  8 JUN 1999 15:01
**paper
(paper.tex
LaTeX2e <1998/06/01>
Babel <v3.6h> and hyphenation patterns for english, ukenglish, norsk, german, l
oaded.
(/local/TEX/lib/inputs/latex2e/base/latex209.def
File: latex209.def 1998/05/13 v0.52 Standard LaTeX file


          Entering LaTeX 2.09 COMPATIBILITY MODE
 *************************************************************
    !!WARNING!!    !!WARNING!!    !!WARNING!!    !!WARNING!!   
 
 This mode attempts to provide an emulation of the LaTeX 2.09
 author environment so that OLD documents can be successfully
 processed. It should NOT be used for NEW documents!
 
 New documents should use Standard LaTeX conventions and start
 with the \documentclass command.
 
 Compatibility mode is UNLIKELY TO WORK with LaTeX 2.09 style
 files that change any internal macros, especially not with
 those that change the FONT SELECTION or OUTPUT ROUTINES.
 
 Therefore such style files MUST BE UPDATED to use
          Current Standard LaTeX: LaTeX2e.
 If you suspect that you may be using such a style file, which
 is probably very, very old by now, then you should attempt to
 get it updated by sending a copy of this error message to the
 author of that file.
 *************************************************************

\footheight=\dimen102
\@maxsep=\dimen103
\@dblmaxsep=\dimen104
\@cla=\count79
\@clb=\count80
\mscount=\count81
(/local/TEX/lib/inputs/latex2e/base/tracefnt.sty
Package: tracefnt 1997/05/29 v3.0j Standard LaTeX package (font tracing)
\tracingfonts=\count82
LaTeX Info: Redefining \selectfont on input line 139.
)
\symbold=\mathgroup4
\symsans=\mathgroup5
\symtypewriter=\mathgroup6
\symitalic=\mathgroup7
\symsmallcaps=\mathgroup8
\symslanted=\mathgroup9
LaTeX Font Info:    Redeclaring math alphabet \mathbf on input line 331.
LaTeX Font Info:    Redeclaring math alphabet \mathsf on input line 332.
LaTeX Font Info:    Redeclaring math alphabet \mathtt on input line 333.
LaTeX Font Info:    Redeclaring math alphabet \mathit on input line 339.
LaTeX Info: Redefining \em on input line 349.

(/local/TEX/lib/inputs/latex2e/base/latexsym.sty
Package: latexsym 1996/11/20 v2.2d Standard LaTeX package (lasy symbols)
\symlasy=\mathgroup10
LaTeX Font Info:    Overwriting symbol font `lasy' in version `bold'
(Font)                  U/lasy/m/n --> U/lasy/b/n on input line 85.
)
LaTeX Font Info:    Redeclaring math delimiter \lgroup on input line 413.
LaTeX Font Info:    Redeclaring math delimiter \rgroup on input line 415.
LaTeX Font Info:    Redeclaring math delimiter \bracevert on input line 417.
)
(/local/TEX/lib/inputs/latex2e/misc/revtex.cls
(/local/TEX/lib/inputs/latex209/revtex-3.1/revtex.sty
Filename: revtex.sty, v3.1 <1 July 96>
(/local/TEX/lib/inputs/latex209/revtex-3.1/aps.sty
Filename: aps.sty, v3.1 <September 1996>
REVTeX message: NFSS detected! Assuming NFSS.
(/local/TEX/lib/inputs/latex209/revtex-3.1/aps10.sty
Filename: aps10.sty, v3.1 <September 1996>
)
\c@part=\count83
\c@section=\count84
\c@subsection=\count85
\c@subsubsection=\count86
\c@paragraph=\count87
\c@subparagraph=\count88
\@indentflag=\count89
\@eqtoeqnum=\dimen105
\c@eqletter=\count90
\c@equation=\count91
\@testboxa=\box26
\@testboxb=\box27
 (/local/TEX/lib/inputs/latex209/revtex-3.1/prabib.sty
Filename: prabib.sty, v3.1 <7/1/96>
\WidestRefLabelThusFar=\dimen106
)
\c@figure=\count92
\c@table=\count93
\c@tablenote=\count94
\@Ldec=\dimen107
\@Rdec=\dimen108
))) (/local/TEX/lib/inputs/latex2e/misc/multicol.sty
Package: multicol 1998/01/19 v1.5q multicolumn formatting (FMi)
\c@tracingmulticols=\count95
\mult@box=\box28
\multicol@leftmargin=\dimen109
\c@unbalance=\count96
\c@collectmore=\count97
\doublecol@number=\count98
\multicoltolerance=\count99
\multicolpretolerance=\count100
\full@width=\dimen110
\page@free=\dimen111
\premulticols=\dimen112
\postmulticols=\dimen113
\multicolsep=\skip41
\multicolbaselineskip=\skip42
\partial@page=\box29
\last@line=\box30
\mult@rightbox=\box31
\mult@grightbox=\box32
\mult@gfirstbox=\box33
\mult@firstbox=\box34
\@tempa=\box35
\@tempa=\box36
\@tempa=\box37
\@tempa=\box38
\@tempa=\box39
\@tempa=\box40
\@tempa=\box41
\@tempa=\box42
\@tempa=\box43
\@tempa=\box44
\@tempa=\box45
\@tempa=\box46
\@tempa=\box47
\@tempa=\box48
\@tempa=\box49
\@tempa=\box50
\@tempa=\box51
\c@columnbadness=\count101
\c@finalcolumnbadness=\count102
\last@try=\dimen114
\multicolovershoot=\dimen115
\multicolundershoot=\dimen116
\mult@nat@firstbox=\box52
)
(/local/TEX/lib/inputs/latex209/misc/psfig.sty
\@unused=\write3
\ps@stream=\read1
\p@intvaluex=\dimen117
\p@intvaluey=\dimen118

psfig/tex 1.10-dvips
) (/local/TEX/lib/inputs/latex2e/misc/epsf.sty
\epsffilein=\read2
\epsfxsize=\dimen119
\epsfysize=\dimen120
\epsftsize=\dimen121
\epsfrsize=\dimen122
\epsftmp=\dimen123
\pspoints=\dimen124
) (paper.aux)
\openout1 = `paper.aux'.

LaTeX Font Info:    Checking defaults for OML/cmm/m/it on input line 9.
LaTeX Font Info:    ... okay on input line 9.
LaTeX Font Info:    Checking defaults for T1/cmr/m/n on input line 9.
LaTeX Font Info:    ... okay on input line 9.
LaTeX Font Info:    Checking defaults for OT1/cmr/m/n on input line 9.
LaTeX Font Info:    ... okay on input line 9.
LaTeX Font Info:    Checking defaults for OMS/cmsy/m/n on input line 9.
LaTeX Font Info:    ... okay on input line 9.
LaTeX Font Info:    Checking defaults for OMX/cmex/m/n on input line 9.
LaTeX Font Info:    ... okay on input line 9.
LaTeX Font Info:    Checking defaults for U/cmr/m/n on input line 9.
LaTeX Font Info:    ... okay on input line 9.
LaTeX Font Info:    External font `cmex10' loaded for size
(Font)              <12> on input line 23.
LaTeX Font Info:    External font `cmex10' loaded for size
(Font)              <8> on input line 23.
LaTeX Font Info:    External font `cmex10' loaded for size
(Font)              <6> on input line 23.
LaTeX Font Info:    Try loading font information for U+lasy on input line 23.

(/local/TEX/lib/inputs/latex2e/base/ulasy.fd
File: ulasy.fd 1996/11/20 v2.2dLaTeX symbol font definitions
)
LaTeX Font Info:    External font `cmex10' loaded for size
(Font)              <9> on input line 28.
LaTeX Font Info:    External font `cmex10' loaded for size
(Font)              <5> on input line 28.
LaTeX Font Info:    External font `cmex10' loaded for size
(Font)              <7> on input line 51.
 [1

] [2]
Underfull \hbox (badness 5331) in paragraph at lines 362--363
[]\OT1/cmr/m/n/10 We are much in-debted to H. Heisel-berg and
 []

[3] [4] [5] [6] [7] (paper.aux) ) 
Here is how much of TeX's memory you used:
 990 strings out of 10929
 10375 string characters out of 73700
 70780 words of memory out of 263001
 3906 multiletter control sequences out of 10000+0
 20496 words of font info for 75 fonts, out of 200000 for 1000
 14 hyphenation exceptions out of 1000
 21i,6n,21p,477b,413s stack positions out of 300i,100n,500p,30000b,4000s

Output written on paper.dvi (7 pages, 28264 bytes).
