This is TeX, Version 3.14159 (Web2C 7.4.5) (format=latex 2003.8.1)  26 OCT 2004 13:28
**intro
(./intro.tex
LaTeX2e <2001/06/01>
Babel <v3.7h> and hyphenation patterns for american, french, german, ngerman, n
ohyphenation, loaded.
(./iopart.cls
Document Class: iopart 1996/06/10 v0.0 IOP Journals LaTeX article class
(./iopart12.clo
File: iopart12.clo 1997/01/15 v1.0 LaTeX2e file (size option)
)
\c@jnl=\count79
\c@section=\count80
\c@subsection=\count81
\c@subsubsection=\count82
\c@paragraph=\count83
\c@subparagraph=\count84
\c@figure=\count85
\c@table=\count86
\abovecaptionskip=\skip41
\belowcaptionskip=\skip42
\indentedwidth=\skip43
\mathindent=\dimen102
\c@eqnval=\count87
) (./intro.aux)
\openout1 = `intro.aux'.

LaTeX Font Info:    Checking defaults for OML/cmm/m/it on input line 5.
LaTeX Font Info:    ... okay on input line 5.
LaTeX Font Info:    Checking defaults for T1/cmr/m/n on input line 5.
LaTeX Font Info:    ... okay on input line 5.
LaTeX Font Info:    Checking defaults for OT1/cmr/m/n on input line 5.
LaTeX Font Info:    ... okay on input line 5.
LaTeX Font Info:    Checking defaults for OMS/cmsy/m/n on input line 5.
LaTeX Font Info:    ... okay on input line 5.
LaTeX Font Info:    Checking defaults for OMX/cmex/m/n on input line 5.
LaTeX Font Info:    ... okay on input line 5.
LaTeX Font Info:    Checking defaults for U/cmr/m/n on input line 5.
LaTeX Font Info:    ... okay on input line 5.
 [1

]
LaTeX Font Info:    External font `cmex10' loaded for size
(Font)              <12> on input line 85.
LaTeX Font Info:    External font `cmex10' loaded for size
(Font)              <8> on input line 85.
LaTeX Font Info:    External font `cmex10' loaded for size
(Font)              <6> on input line 85.
 [2] [3] [4]
Underfull \hbox (badness 3635) in paragraph at lines 285--287
[]\OT1/cmr/m/n/10 D. J. Dean, T. Engeland, M. Hjorth-Jensen, M. P. Kartamyshev,
 and E. Osnes,
 []

[5] [6] (./intro.aux) ) 
Here is how much of TeX's memory you used:
 461 strings out of 95847
 3470 string characters out of 1195583
 55378 words of memory out of 1000001
 3466 multiletter control sequences out of 10000+50000
 7944 words of font info for 28 fonts, out of 500000 for 1000
 14 hyphenation exceptions out of 1000
 22i,4n,19p,148b,295s stack positions out of 1500i,500n,5000p,200000b,5000s

Output written on intro.dvi (6 pages, 18200 bytes).
