This is TeX, Version 3.14159 (Web2C 7.2) (format=latex 1999.10.13)  11 JAN 2002 09:29
**manptp.tex
(manptp.tex
LaTeX2e <1998/06/01>
Babel <v3.6h> and hyphenation patterns for english, ukenglish, norsk, german, l
oaded.
(/local/TEX/lib/inputs/latex2e/base/latex209.def
File: latex209.def 1998/05/13 v0.52 Standard LaTeX file


          Entering LaTeX 2.09 COMPATIBILITY MODE
 *************************************************************
    !!WARNING!!    !!WARNING!!    !!WARNING!!    !!WARNING!!   
 
 This mode attempts to provide an emulation of the LaTeX 2.09
 author environment so that OLD documents can be successfully
 processed. It should NOT be used for NEW documents!
 
 New documents should use Standard LaTeX conventions and start
 with the \documentclass command.
 
 Compatibility mode is UNLIKELY TO WORK with LaTeX 2.09 style
 files that change any internal macros, especially not with
 those that change the FONT SELECTION or OUTPUT ROUTINES.
 
 Therefore such style files MUST BE UPDATED to use
          Current Standard LaTeX: LaTeX2e.
 If you suspect that you may be using such a style file, which
 is probably very, very old by now, then you should attempt to
 get it updated by sending a copy of this error message to the
 author of that file.
 *************************************************************

\footheight=\dimen102
\@maxsep=\dimen103
\@dblmaxsep=\dimen104
\@cla=\count79
\@clb=\count80
\mscount=\count81
(/local/TEX/lib/inputs/latex2e/base/tracefnt.sty
Package: tracefnt 1997/05/29 v3.0j Standard LaTeX package (font tracing)
\tracingfonts=\count82
LaTeX Info: Redefining \selectfont on input line 139.
)
\symbold=\mathgroup4
\symsans=\mathgroup5
\symtypewriter=\mathgroup6
\symitalic=\mathgroup7
\symsmallcaps=\mathgroup8
\symslanted=\mathgroup9
LaTeX Font Info:    Redeclaring math alphabet \mathbf on input line 331.
LaTeX Font Info:    Redeclaring math alphabet \mathsf on input line 332.
LaTeX Font Info:    Redeclaring math alphabet \mathtt on input line 333.
LaTeX Font Info:    Redeclaring math alphabet \mathit on input line 339.
LaTeX Info: Redefining \em on input line 349.

(/local/TEX/lib/inputs/latex2e/base/latexsym.sty
Package: latexsym 1996/11/20 v2.2d Standard LaTeX package (lasy symbols)
\symlasy=\mathgroup10
LaTeX Font Info:    Overwriting symbol font `lasy' in version `bold'
(Font)                  U/lasy/m/n --> U/lasy/b/n on input line 85.
)
LaTeX Font Info:    Redeclaring math delimiter \lgroup on input line 413.
LaTeX Font Info:    Redeclaring math delimiter \rgroup on input line 415.
LaTeX Font Info:    Redeclaring math delimiter \bracevert on input line 417.
)
Compatibility mode: loading ptptex.sty rather than ptptex.cls.
 (ptptex.sty
***** Document Style <<PTPTeX.sty>> ver.1.0 ****
(ptp-text.sty
***** PTP Text Style <<PTP-text.sty>> ver.1.0 ****
)
\descriptionmargin=\dimen105
\c@section=\count83
\c@subsection=\count84
\c@subsubsection=\count85
\c@f@@tn@te=\count86
\CurrP@ge=\count87
\c@figure=\count88
\c@table=\count89
\@stequation=\toks14
\c@subequation=\count90
) (mbf.sty
\f@mnum=\count91
\mibfam=\mathgroup11
) (wrapft.sty
\wrapoverhang=\dimen106
\WF@size=\dimen107
\c@WF@wrappedlines=\count92
\WF@box=\box26
\WF@hsep=\dimen108
\WF@vsep=\dimen109
\WF@everypar=\toks15
Compatibility mode: package `wrapft' requested, but `wrapfig' provided.
Package: wrapfig 1996/02/13  v 3.2x
) (manptp.aux)
\openout1 = `manptp.aux'.

LaTeX Font Info:    Checking defaults for OML/cmm/m/it on input line 68.
LaTeX Font Info:    ... okay on input line 68.
LaTeX Font Info:    Checking defaults for T1/cmr/m/n on input line 68.
LaTeX Font Info:    ... okay on input line 68.
LaTeX Font Info:    Checking defaults for OT1/cmr/m/n on input line 68.
LaTeX Font Info:    ... okay on input line 68.
LaTeX Font Info:    Checking defaults for OMS/cmsy/m/n on input line 68.
LaTeX Font Info:    ... okay on input line 68.
LaTeX Font Info:    Checking defaults for OMX/cmex/m/n on input line 68.
LaTeX Font Info:    ... okay on input line 68.
LaTeX Font Info:    Checking defaults for U/cmr/m/n on input line 68.
LaTeX Font Info:    ... okay on input line 68.
LaTeX Font Info:    External font `cmex10' loaded for size
(Font)              <12> on input line 70.
LaTeX Font Info:    External font `cmex10' loaded for size
(Font)              <8> on input line 70.
LaTeX Font Info:    External font `cmex10' loaded for size
(Font)              <6> on input line 70.
LaTeX Font Info:    Try loading font information for U+lasy on input line 70.

(/local/TEX/lib/inputs/latex2e/base/ulasy.fd
File: ulasy.fd 1996/11/20 v2.2dLaTeX symbol font definitions
)
LaTeX Font Info:    External font `cmex10' loaded for size
(Font)              <10.95> on input line 70.
LaTeX Font Info:    External font `cmex10' loaded for size
(Font)              <9> on input line 70.
LaTeX Font Info:    External font `cmex10' loaded for size
(Font)              <5> on input line 70.

Overfull \hbox (11.53568pt too wide) in paragraph at lines 83--91
\OT1/cmr/m/n/10.95 rectly us-ing L[]T[]X$[]$ manuscripts from April, 1996. When
 you pre-pare L[]T[]Xmanuscript
 []

[1


]
Underfull \vbox (badness 10000) has occurred while \output is active []

 [2]
Underfull \vbox (badness 10000) has occurred while \output is active []

 [3]
Overfull \hbox (0.74907pt too wide) in paragraph at lines 296--297
[]\OT1/cmr/m/n/10.95 Not to print out `\OT1/cmss/m/n/10.95 type-set us-ing []$\
OMS/cmsy/m/n/10.95 T$[]\OT1/cmss/m/n/10.95 T[]X.sty\OT1/cmr/m/n/10.95 '| 
 []

LaTeX Font Info:    Try loading font information for OMS+cmtt on input line 299
.
LaTeX Font Info:    No file OMScmtt.fd. on input line 299.
LaTeX Font Warning: Font shape `OMS/cmtt/m/n' undefined
(Font)              using `OMS/cmsy/m/n' instead
(Font)              for symbol `textbraceleft' on input line 299.

Overfull \hbox (0.99353pt too wide) in paragraph at lines 302--304
[]\OT1/cmr/m/n/10.95 To write preprint num-bers when [preprint].
 []

[4]
Overfull \hbox (8.82022pt too wide) in paragraph at lines 435--439
[][] 
 []


Underfull \hbox (badness 7814) in paragraph at lines 460--460
\OT1/cmr/m/n/10.95 Here come some sen-tences,
 []


Overfull \hbox (2.44962pt too wide) in paragraph at lines 460--461
[][] 
 []

[5]
Overfull \hbox (17.48781pt too wide) in paragraph at lines 478--495
\OT1/cmr/m/n/10.95 very te-dious to type this way. In such cases you can type a
s []\OT1/cmtt/m/n/10.95 \cite{rf:3}\tocite{rf:5}\OT1/cmr/m/n/10.95 ;
 []


Overfull \hbox (13.90552pt too wide) in paragraph at lines 534--534
[]     \OT1/cmtt/m/n/10.95 M.~Kobayashi and T.~Maskawa, \JL{Prog.\ Theor.\ Phys
.,49,1973,652}.[] 
 []


Underfull \vbox (badness 10000) has occurred while \output is active []

 [6]
Underfull \vbox (badness 10000) has occurred while \output is active []

 [7]
Underfull \vbox (badness 10000) has occurred while \output is active []

 [8]
LaTeX Font Info:    Try loading font information for OMS+cmr on input line 692.


(/local/TEX/lib/inputs/latex2e/base/omscmr.fd
File: omscmr.fd 1998/03/27 v2.5g Standard LaTeX font definitions
)
LaTeX Font Info:    Font shape `OMS/cmr/bx/n' in size <10.95> not available
(Font)              Font shape `OMS/cmsy/b/n' tried instead on input line 692.

Underfull \vbox (badness 10000) has occurred while \output is active []

 [9]
Overfull \hbox (4.4233pt too wide) in paragraph at lines 749--753
[]$[]$   $[]$ 
 []

[10]
Underfull \vbox (badness 10000) has occurred while \output is active []

 [11]
Underfull \vbox (badness 1609) has occurred while \output is active []

 [12]
[13] (manptp.aux)
LaTeX Font Warning: Some font shapes were not available, defaults substituted.
 ) 
Here is how much of TeX's memory you used:
 624 strings out of 10928
 6144 string characters out of 448243
 56637 words of memory out of 263001
 3553 multiletter control sequences out of 10000+0
 24332 words of font info for 85 fonts, out of 200000 for 1000
 14 hyphenation exceptions out of 1000
 29i,11n,24p,231b,350s stack positions out of 300i,100n,500p,30000b,4000s

Output written on manptp.dvi (13 pages, 46132 bytes).
