This is TeX, Version 3.14159 (Web2C 7.2) (format=latex 1999.10.13)  14 JAN 2002 08:43
**proc.tex
(proc.tex
LaTeX2e <1998/06/01>
Babel <v3.6h> and hyphenation patterns for english, ukenglish, norsk, german, l
oaded.
(/local/TEX/lib/inputs/latex2e/base/latex209.def
File: latex209.def 1998/05/13 v0.52 Standard LaTeX file


          Entering LaTeX 2.09 COMPATIBILITY MODE
 *************************************************************
    !!WARNING!!    !!WARNING!!    !!WARNING!!    !!WARNING!!   
 
 This mode attempts to provide an emulation of the LaTeX 2.09
 author environment so that OLD documents can be successfully
 processed. It should NOT be used for NEW documents!
 
 New documents should use Standard LaTeX conventions and start
 with the \documentclass command.
 
 Compatibility mode is UNLIKELY TO WORK with LaTeX 2.09 style
 files that change any internal macros, especially not with
 those that change the FONT SELECTION or OUTPUT ROUTINES.
 
 Therefore such style files MUST BE UPDATED to use
          Current Standard LaTeX: LaTeX2e.
 If you suspect that you may be using such a style file, which
 is probably very, very old by now, then you should attempt to
 get it updated by sending a copy of this error message to the
 author of that file.
 *************************************************************

\footheight=\dimen102
\@maxsep=\dimen103
\@dblmaxsep=\dimen104
\@cla=\count79
\@clb=\count80
\mscount=\count81
(/local/TEX/lib/inputs/latex2e/base/tracefnt.sty
Package: tracefnt 1997/05/29 v3.0j Standard LaTeX package (font tracing)
\tracingfonts=\count82
LaTeX Info: Redefining \selectfont on input line 139.
)
\symbold=\mathgroup4
\symsans=\mathgroup5
\symtypewriter=\mathgroup6
\symitalic=\mathgroup7
\symsmallcaps=\mathgroup8
\symslanted=\mathgroup9
LaTeX Font Info:    Redeclaring math alphabet \mathbf on input line 331.
LaTeX Font Info:    Redeclaring math alphabet \mathsf on input line 332.
LaTeX Font Info:    Redeclaring math alphabet \mathtt on input line 333.
LaTeX Font Info:    Redeclaring math alphabet \mathit on input line 339.
LaTeX Info: Redefining \em on input line 349.

(/local/TEX/lib/inputs/latex2e/base/latexsym.sty
Package: latexsym 1996/11/20 v2.2d Standard LaTeX package (lasy symbols)
\symlasy=\mathgroup10
LaTeX Font Info:    Overwriting symbol font `lasy' in version `bold'
(Font)                  U/lasy/m/n --> U/lasy/b/n on input line 85.
)
LaTeX Font Info:    Redeclaring math delimiter \lgroup on input line 413.
LaTeX Font Info:    Redeclaring math delimiter \rgroup on input line 415.
LaTeX Font Info:    Redeclaring math delimiter \bracevert on input line 417.
)
Compatibility mode: loading ptptex.sty rather than ptptex.cls.
 (ptptex.sty
***** Document Style <<PTPTeX.sty>> ver.1.0 ****
(ptp-text.sty
***** PTP Text Style <<PTP-text.sty>> ver.1.0 ****
)
\descriptionmargin=\dimen105
\c@section=\count83
\c@subsection=\count84
\c@subsubsection=\count85
\c@f@@tn@te=\count86
\CurrP@ge=\count87
\c@figure=\count88
\c@table=\count89
\@stequation=\toks14
\c@subequation=\count90
) (epsf.sty
\epsffilein=\read1
\epsfxsize=\dimen106
\epsfysize=\dimen107
\epsftsize=\dimen108
\epsfrsize=\dimen109
\epsftmp=\dimen110
\pspoints=\dimen111
) (wrapft.sty
\wrapoverhang=\dimen112
\WF@size=\dimen113
\c@WF@wrappedlines=\count91
\WF@box=\box26
\WF@hsep=\dimen114
\WF@vsep=\dimen115
\WF@everypar=\toks15
Compatibility mode: package `wrapft' requested, but `wrapfig' provided.
Package: wrapfig 1996/02/13  v 3.2x
) (proc.aux)
\openout1 = `proc.aux'.

LaTeX Font Info:    Checking defaults for OML/cmm/m/it on input line 74.
LaTeX Font Info:    ... okay on input line 74.
LaTeX Font Info:    Checking defaults for T1/cmr/m/n on input line 74.
LaTeX Font Info:    ... okay on input line 74.
LaTeX Font Info:    Checking defaults for OT1/cmr/m/n on input line 74.
LaTeX Font Info:    ... okay on input line 74.
LaTeX Font Info:    Checking defaults for OMS/cmsy/m/n on input line 74.
LaTeX Font Info:    ... okay on input line 74.
LaTeX Font Info:    Checking defaults for OMX/cmex/m/n on input line 74.
LaTeX Font Info:    ... okay on input line 74.
LaTeX Font Info:    Checking defaults for U/cmr/m/n on input line 74.
LaTeX Font Info:    ... okay on input line 74.
LaTeX Font Info:    External font `cmex10' loaded for size
(Font)              <10.95> on input line 76.
LaTeX Font Info:    External font `cmex10' loaded for size
(Font)              <8> on input line 76.
LaTeX Font Info:    External font `cmex10' loaded for size
(Font)              <6> on input line 76.
LaTeX Font Info:    Try loading font information for U+lasy on input line 76.

(/local/TEX/lib/inputs/latex2e/base/ulasy.fd
File: ulasy.fd 1996/11/20 v2.2dLaTeX symbol font definitions
)
LaTeX Font Info:    External font `cmex10' loaded for size
(Font)              <9> on input line 76.
LaTeX Font Info:    External font `cmex10' loaded for size
(Font)              <5> on input line 76.
 [1


]
Underfull \vbox (badness 10000) has occurred while \output is active []

 [2]
[3]

Package wrapfig Warning: Collision between wrapping environments on input line 
301.


Underfull \hbox (badness 10000) in paragraph at lines 300--307
[]
 []


Package wrapfig Warning: Stationary wrapfigure forced to float on input line 30
7.


Underfull \vbox (badness 10000) has occurred while \output is active []

 [4]
[5]
Underfull \vbox (badness 10000) has occurred while \output is active []

 [6]
[7]

Package wrapfig Warning: Collision between wrapping environments on input line 
601.


Underfull \hbox (badness 1466) in paragraph at lines 582--605
\OT1/cmr/m/n/10.95 in Fig. 3[] to-gether with the
 []


Underfull \hbox (badness 1521) in paragraph at lines 582--605
\OT1/cmr/m/n/10.95 topes. The re-sults la-belled
 []


Underfull \hbox (badness 1107) in paragraph at lines 582--605
\OT1/cmr/m/n/10.95 'model' are dis-cussed fur-ther
 []


Underfull \hbox (badness 1609) in paragraph at lines 582--605
\OT1/cmr/m/n/10.95 per-i-men-tal re-sults ex-hibit S-
 []


Underfull \hbox (badness 1048) in paragraph at lines 582--605
\OT1/cmr/m/n/10.95 for the odd sys-tem, again a pos-si-ble in-di-ca-tion of the
 im-por-tance of pair-
 []


Underfull \hbox (badness 1237) in paragraph at lines 582--605
\OT1/cmr/m/n/10.95 ing cor-re-la-tions. This can also be seen from Fig. 4[], ta
ken from Ref.$[]$.
 []


Package wrapfig Warning: Stationary wrapfigure forced to float on input line 60
5.


Underfull \vbox (badness 10000) has occurred while \output is active []

 [8]

Package wrapfig Warning: Stationary wrapfigure forced to float on input line 61
6.


Underfull \hbox (badness 1048) in paragraph at lines 628--633
\OT1/cmr/m/n/10.95 dis-cussed re-cent ex-per-i-men-tal
 []


Underfull \vbox (badness 10000) has occurred while \output is active []

 [9]
[10] (proc.aux) ) 
Here is how much of TeX's memory you used:
 633 strings out of 10928
 6165 string characters out of 448243
 62256 words of memory out of 263001
 3567 multiletter control sequences out of 10000+0
 17584 words of font info for 64 fonts, out of 200000 for 1000
 14 hyphenation exceptions out of 1000
 29i,11n,23p,354b,348s stack positions out of 300i,100n,500p,30000b,4000s

Output written on proc.dvi (10 pages, 45752 bytes).
