This is TeX, Version 3.14159 (Web2C 7.4.5) (format=latex 2003.8.1)  24 NOV 2004 12:49
**pdffigs.tex
(./pdffigs.tex
LaTeX2e <2001/06/01>
Babel <v3.7h> and hyphenation patterns for american, french, german, ngerman, n
ohyphenation, loaded.
(/local/TEX/share/texmf/tex/latex/base/article.cls
Document Class: article 2001/04/21 v1.4e Standard LaTeX document class
(/local/TEX/share/texmf/tex/latex/base/size12.clo
File: size12.clo 2001/04/21 v1.4e Standard LaTeX file (size option)
)
\c@part=\count79
\c@section=\count80
\c@subsection=\count81
\c@subsubsection=\count82
\c@paragraph=\count83
\c@subparagraph=\count84
\c@figure=\count85
\c@table=\count86
\abovecaptionskip=\skip41
\belowcaptionskip=\skip42
\bibindent=\dimen102
)
(/local/TEX/share/texmf/tex/latex/graphics/epsfig.sty
Package: epsfig 1999/02/16 v1.7a (e)psfig emulation (SPQR)

(/local/TEX/share/texmf/tex/latex/graphics/graphicx.sty
Package: graphicx 1999/02/16 v1.0f Enhanced LaTeX Graphics (DPC,SPQR)

(/local/TEX/share/texmf/tex/latex/graphics/keyval.sty
Package: keyval 1999/03/16 v1.13 key=value parser (DPC)
\KV@toks@=\toks14
)
(/local/TEX/share/texmf/tex/latex/graphics/graphics.sty
Package: graphics 2001/07/07 v1.0n Standard LaTeX Graphics (DPC,SPQR)

(/local/TEX/share/texmf/tex/latex/graphics/trig.sty
Package: trig 1999/03/16 v1.09 sin cos tan (DPC)
)
(/local/TEX/share/texmf/tex/latex/config/graphics.cfg
File: graphics.cfg 2001/08/31 v1.1 graphics configuration of teTeX/TeXLive
)
Package graphics Info: Driver file: dvips.def on input line 80.

(/local/TEX/share/texmf/tex/latex/graphics/dvips.def
File: dvips.def 1999/02/16 v3.0i Driver-dependant file (DPC,SPQR)
))
\Gin@req@height=\dimen103
\Gin@req@width=\dimen104
)
\epsfxsize=\dimen105
\epsfysize=\dimen106
)
(/local/TEX/share/texmf/tex/latex/pstricks/pst-plot.sty
Package: pst-plot 1997/03/25 package wrapper for PSTricks pst-plot.tex

(/local/TEX/share/texmf/tex/generic/pstricks/pst-plot.tex
 v97 patch 2, 1999/12/12
(/local/TEX/share/texmf/tex/generic/pstricks/pstricks.tex
`PSTricks' v97 patch 14  <1999/12/23> (tvz)
\pst@dima=\dimen107
\pst@dimb=\dimen108
\pst@dimc=\dimen109
\pst@dimd=\dimen110
\pst@dimg=\dimen111
\pst@dimh=\dimen112
\pst@hbox=\box26
\pst@boxg=\box27
\pst@cnta=\count87
\pst@cntb=\count88
\pst@cntc=\count89
\pst@cntd=\count90
\pst@cntg=\count91
\pst@cnth=\count92
\pst@toks=\toks15
(/local/TEX/share/texmf/tex/generic/pstricks/pstricks.con)
\psunit=\dimen113
\psxunit=\dimen114
\psyunit=\dimen115
\pslinewidth=\dimen116
\pst@customdefs=\toks16
\pslinearc=\dimen117
\everypsbox=\toks17
\psframesep=\dimen118
\pslabelsep=\dimen119
\theoverlaybox=\box28
)
(/local/TEX/share/texmf/tex/generic/multido/multido.tex  v1.4, 93/01/14 <tvz>
\multido@count=\count93
\multidocount=\count94
\multido@stuff=\toks18
))) (./pdffigs.aux)
\openout1 = `pdffigs.aux'.

LaTeX Font Info:    Checking defaults for OML/cmm/m/it on input line 17.
LaTeX Font Info:    ... okay on input line 17.
LaTeX Font Info:    Checking defaults for T1/cmr/m/n on input line 17.
LaTeX Font Info:    ... okay on input line 17.
LaTeX Font Info:    Checking defaults for OT1/cmr/m/n on input line 17.
LaTeX Font Info:    ... okay on input line 17.
LaTeX Font Info:    Checking defaults for OMS/cmsy/m/n on input line 17.
LaTeX Font Info:    ... okay on input line 17.
LaTeX Font Info:    Checking defaults for OMX/cmex/m/n on input line 17.
LaTeX Font Info:    ... okay on input line 17.
LaTeX Font Info:    Checking defaults for U/cmr/m/n on input line 17.
LaTeX Font Info:    ... okay on input line 17.
LaTeX Font Info:    External font `cmex10' loaded for size
(Font)              <12> on input line 32.
LaTeX Font Info:    External font `cmex10' loaded for size
(Font)              <8> on input line 32.
LaTeX Font Info:    External font `cmex10' loaded for size
(Font)              <6> on input line 32.
 [1] [2] (./pdffigs.aux) ) 
Here is how much of TeX's memory you used:
 1534 strings out of 95847
 17502 string characters out of 1195583
 76096 words of memory out of 1000001
 4504 multiletter control sequences out of 10000+50000
 6676 words of font info for 24 fonts, out of 500000 for 1000
 14 hyphenation exceptions out of 1000
 32i,4n,21p,220b,318s stack positions out of 1500i,500n,5000p,200000b,5000s

Output written on pdffigs.dvi (2 pages, 11964 bytes).
