This is TeX, Version 3.14159 (Web2C 7.2) (format=latex 2004.4.17)  14 SEP 2004 13:18
**review
(review.tex
LaTeX2e <2003/12/01>
Babel <v3.8a> and hyphenation patterns for american, british, ngerman, danish, 
norsk, swedish, nohyphenation, loaded.
(/local/TEX/lib/inputs/latex2e/base/article.cls
Document Class: article 2004/02/16 v1.4f Standard LaTeX document class
(/local/TEX/lib/inputs/latex2e/base/size12.clo
File: size12.clo 2004/02/16 v1.4f Standard LaTeX file (size option)
)
\c@part=\count79
\c@section=\count80
\c@subsection=\count81
\c@subsubsection=\count82
\c@paragraph=\count83
\c@subparagraph=\count84
\c@figure=\count85
\c@table=\count86
\abovecaptionskip=\skip41
\belowcaptionskip=\skip42
\bibindent=\dimen102
)
(/local/TEX/lib/inputs/latex2e/required/epsfig.sty
Package: epsfig 1999/02/16 v1.7a (e)psfig emulation (SPQR)

(/local/TEX/lib/inputs/latex2e/required/graphicx.sty
Package: graphicx 1999/02/16 v1.0f Enhanced LaTeX Graphics (DPC,SPQR)

(/local/TEX/lib/inputs/latex2e/required/keyval.sty
Package: keyval 1999/03/16 v1.13 key=value parser (DPC)
\KV@toks@=\toks14
)
(/local/TEX/lib/inputs/latex2e/required/graphics.sty
Package: graphics 2001/07/07 v1.0n Standard LaTeX Graphics (DPC,SPQR)

(/local/TEX/lib/inputs/latex2e/required/trig.sty
Package: trig 1999/03/16 v1.09 sin cos tan (DPC)
)
(/local/TEX/lib/inputs/uio/graphics.cfg)
Package graphics Info: Driver file: dvips.def on input line 80.

(/local/TEX/lib/inputs/latex2e/required/dvips.def
File: dvips.def 1999/02/16 v3.0i Driver-dependant file (DPC,SPQR)
))
\Gin@req@height=\dimen103
\Gin@req@width=\dimen104
)
\epsfxsize=\dimen105
\epsfysize=\dimen106
)
(/local/TEX/lib/inputs/plain/pstricks/pst-plot.sty
Package: pst-plot 1997/03/25: package wrapper for PSTricks pst-plot.tex

(/local/TEX/lib/inputs/plain/pstricks/pst-plot.tex
 v93a/b-97-patch 1, 1997/04/28
(/local/TEX/lib/inputs/plain/pstricks/pstricks.tex
`PSTricks' v93a/b-97 patch 7  <1997/10/27> (tvz)
\pst@dima=\dimen107
\pst@dimb=\dimen108
\pst@dimc=\dimen109
\pst@dimd=\dimen110
\pst@dimg=\dimen111
\pst@dimh=\dimen112
\pst@hbox=\box26
\pst@boxg=\box27
\pst@cnta=\count87
\pst@cntb=\count88
\pst@cntc=\count89
\pst@cntd=\count90
\pst@cntg=\count91
\pst@cnth=\count92
\pst@toks=\toks15
(/local/TEX/lib/inputs/plain/pstricks/pstricks.con)
\psunit=\dimen113
\psxunit=\dimen114
\psyunit=\dimen115
\pslinewidth=\dimen116
\pst@customdefs=\toks16
\pslinearc=\dimen117
\everypsbox=\toks17
\psframesep=\dimen118
\pslabelsep=\dimen119
\theoverlaybox=\box28
)
(/local/TEX/lib/inputs/plain/pstricks/multido.tex  v1.4, 93/01/14 <tvz>
\multido@count=\count93
\multidocount=\count94
\multido@stuff=\toks18
)))
(review.aux)
\openout1 = `review.aux'.

LaTeX Font Info:    Checking defaults for OML/cmm/m/it on input line 48.
LaTeX Font Info:    ... okay on input line 48.
LaTeX Font Info:    Checking defaults for T1/cmr/m/n on input line 48.
LaTeX Font Info:    ... okay on input line 48.
LaTeX Font Info:    Checking defaults for OT1/cmr/m/n on input line 48.
LaTeX Font Info:    ... okay on input line 48.
LaTeX Font Info:    Checking defaults for OMS/cmsy/m/n on input line 48.
LaTeX Font Info:    ... okay on input line 48.
LaTeX Font Info:    Checking defaults for OMX/cmex/m/n on input line 48.
LaTeX Font Info:    ... okay on input line 48.
LaTeX Font Info:    Checking defaults for U/cmr/m/n on input line 48.
LaTeX Font Info:    ... okay on input line 48.
LaTeX Font Info:    External font `cmex10' loaded for size
(Font)              <14.4> on input line 59.
LaTeX Font Info:    External font `cmex10' loaded for size
(Font)              <7> on input line 59.
 (review.toc
LaTeX Font Info:    External font `cmex10' loaded for size
(Font)              <12> on input line 3.
LaTeX Font Info:    External font `cmex10' loaded for size
(Font)              <8> on input line 3.
LaTeX Font Info:    External font `cmex10' loaded for size
(Font)              <6> on input line 3.
 [1

])
\tf@toc=\write3
\openout3 = `review.toc'.

 [2] [3] [4]

LaTeX Warning: File `vertex.eps' not found on input line 458.


! LaTeX Error: File `vertex.eps' not found.

See the LaTeX manual or LaTeX Companion for explanation.
Type  H <return>  for immediate help.
 ...                                              
                                                  
l.458 ...,0){\epsfxsize=12cm \epsfbox{vertex.eps}}
                                                  
? 

! LaTeX Error: Cannot determine size of graphic in vertex.eps (no BoundingBox).


See the LaTeX manual or LaTeX Companion for explanation.
Type  H <return>  for immediate help.
 ...                                              
                                                  
l.458 ...,0){\epsfxsize=12cm \epsfbox{vertex.eps}}
                                                  
? 
! Emergency stop.
 ...                                              
                                                  
l.458 ...,0){\epsfxsize=12cm \epsfbox{vertex.eps}}
                                                  
Try typing  <return>  to proceed.
If that doesn't work, type  X <return>  to quit.

 
Here is how much of TeX's memory you used:
 1858 strings out of 10841
 20195 string characters out of 447608
 81057 words of memory out of 263001
 4873 multiletter control sequences out of 10000+0
 9456 words of font info for 33 fonts, out of 200000 for 1000
 22 hyphenation exceptions out of 1000
 32i,8n,21p,517b,363s stack positions out of 300i,100n,500p,30000b,4000s
Output written on review.dvi (4 pages, 25800 bytes).
