This is TeX, Version 3.14159 (Web2C 7.2) (format=latex 1999.10.13)  27 JUN 2003 13:20
**article.tex
(article.tex
LaTeX2e <1998/06/01>
Babel <v3.6h> and hyphenation patterns for english, ukenglish, norsk, german, l
oaded.
(/local/TEX/lib/inputs/latex2e/base/latex209.def
File: latex209.def 1998/05/13 v0.52 Standard LaTeX file


          Entering LaTeX 2.09 COMPATIBILITY MODE
 *************************************************************
    !!WARNING!!    !!WARNING!!    !!WARNING!!    !!WARNING!!   
 
 This mode attempts to provide an emulation of the LaTeX 2.09
 author environment so that OLD documents can be successfully
 processed. It should NOT be used for NEW documents!
 
 New documents should use Standard LaTeX conventions and start
 with the \documentclass command.
 
 Compatibility mode is UNLIKELY TO WORK with LaTeX 2.09 style
 files that change any internal macros, especially not with
 those that change the FONT SELECTION or OUTPUT ROUTINES.
 
 Therefore such style files MUST BE UPDATED to use
          Current Standard LaTeX: LaTeX2e.
 If you suspect that you may be using such a style file, which
 is probably very, very old by now, then you should attempt to
 get it updated by sending a copy of this error message to the
 author of that file.
 *************************************************************

\footheight=\dimen102
\@maxsep=\dimen103
\@dblmaxsep=\dimen104
\@cla=\count79
\@clb=\count80
\mscount=\count81
(/local/TEX/lib/inputs/latex2e/base/tracefnt.sty
Package: tracefnt 1997/05/29 v3.0j Standard LaTeX package (font tracing)
\tracingfonts=\count82
LaTeX Info: Redefining \selectfont on input line 139.
)
\symbold=\mathgroup4
\symsans=\mathgroup5
\symtypewriter=\mathgroup6
\symitalic=\mathgroup7
\symsmallcaps=\mathgroup8
\symslanted=\mathgroup9
LaTeX Font Info:    Redeclaring math alphabet \mathbf on input line 331.
LaTeX Font Info:    Redeclaring math alphabet \mathsf on input line 332.
LaTeX Font Info:    Redeclaring math alphabet \mathtt on input line 333.
LaTeX Font Info:    Redeclaring math alphabet \mathit on input line 339.
LaTeX Info: Redefining \em on input line 349.

(/local/TEX/lib/inputs/latex2e/base/latexsym.sty
Package: latexsym 1996/11/20 v2.2d Standard LaTeX package (lasy symbols)
\symlasy=\mathgroup10
LaTeX Font Info:    Overwriting symbol font `lasy' in version `bold'
(Font)                  U/lasy/m/n --> U/lasy/b/n on input line 85.
)
LaTeX Font Info:    Redeclaring math delimiter \lgroup on input line 413.
LaTeX Font Info:    Redeclaring math delimiter \rgroup on input line 415.
LaTeX Font Info:    Redeclaring math delimiter \bracevert on input line 417.
)
(/local/TEX/lib/inputs/latex2e/misc/revtex.cls
(/local/TEX/lib/inputs/latex209/revtex-3.1/revtex.sty
Filename: revtex.sty, v3.1 <1 July 96>
(/local/TEX/lib/inputs/latex209/revtex-3.1/aps.sty
Filename: aps.sty, v3.1 <September 1996>
REVTeX message: NFSS detected! Assuming NFSS.
(/local/TEX/lib/inputs/latex209/revtex-3.1/aps10.sty
Filename: aps10.sty, v3.1 <September 1996>
)
\c@part=\count83
\c@section=\count84
\c@subsection=\count85
\c@subsubsection=\count86
\c@paragraph=\count87
\c@subparagraph=\count88
\@indentflag=\count89
\@eqtoeqnum=\dimen105
\c@eqletter=\count90
\c@equation=\count91
\@testboxa=\box26
\@testboxb=\box27
 (/local/TEX/lib/inputs/latex209/revtex-3.1/prabib.sty
Filename: prabib.sty, v3.1 <7/1/96>
\WidestRefLabelThusFar=\dimen106
)
\c@figure=\count92
\c@table=\count93
\c@tablenote=\count94
\@Ldec=\dimen107
\@Rdec=\dimen108
))) (/local/TEX/lib/inputs/latex2e/graphics/graphicx.sty
Package: graphicx 1997/06/09 v1.0d Enhanced LaTeX Graphics (DPC,SPQR)

(/local/TEX/lib/inputs/latex2e/graphics/keyval.sty
Package: keyval 1998/06/05 v1.11 key=value parser (DPC)
\KV@toks@=\toks14
)
(/local/TEX/lib/inputs/latex2e/graphics/graphics.sty
Package: graphics 1998/05/27 v1.0h Standard LaTeX Graphics (DPC,SPQR)

(/local/TEX/lib/inputs/latex2e/graphics/trig.sty
Package: trig 1994/10/16 v1.08 sin cos tan (DPC)
)
(/local/TEX/lib/inputs/uio/graphics.cfg)
Package graphics Info: Driver file: dvips.def on input line 85.

(/local/TEX/lib/inputs/latex2e/graphics/dvips.def
File: dvips.def 1998/05/03 v3.0f Driver-dependant file (DPC,SPQR)
))
\Gin@req@height=\dimen109
\Gin@req@width=\dimen110
)
(/local/TEX/lib/inputs/latex2e/misc/multicol.sty
Package: multicol 1998/01/19 v1.5q multicolumn formatting (FMi)
\c@tracingmulticols=\count95
\mult@box=\box28
\multicol@leftmargin=\dimen111
\c@unbalance=\count96
\c@collectmore=\count97
\doublecol@number=\count98
\multicoltolerance=\count99
\multicolpretolerance=\count100
\full@width=\dimen112
\page@free=\dimen113
\premulticols=\dimen114
\postmulticols=\dimen115
\multicolsep=\skip41
\multicolbaselineskip=\skip42
\partial@page=\box29
\last@line=\box30
\mult@rightbox=\box31
\mult@grightbox=\box32
\mult@gfirstbox=\box33
\mult@firstbox=\box34
\@tempa=\box35
\@tempa=\box36
\@tempa=\box37
\@tempa=\box38
\@tempa=\box39
\@tempa=\box40
\@tempa=\box41
\@tempa=\box42
\@tempa=\box43
\@tempa=\box44
\@tempa=\box45
\@tempa=\box46
\@tempa=\box47
\@tempa=\box48
\@tempa=\box49
\@tempa=\box50
\@tempa=\box51
\c@columnbadness=\count101
\c@finalcolumnbadness=\count102
\last@try=\dimen116
\multicolovershoot=\dimen117
\multicolundershoot=\dimen118
\mult@nat@firstbox=\box52
) (article.aux)
\openout1 = `article.aux'.

LaTeX Font Info:    Checking defaults for OML/cmm/m/it on input line 5.
LaTeX Font Info:    ... okay on input line 5.
LaTeX Font Info:    Checking defaults for T1/cmr/m/n on input line 5.
LaTeX Font Info:    ... okay on input line 5.
LaTeX Font Info:    Checking defaults for OT1/cmr/m/n on input line 5.
LaTeX Font Info:    ... okay on input line 5.
LaTeX Font Info:    Checking defaults for OMS/cmsy/m/n on input line 5.
LaTeX Font Info:    ... okay on input line 5.
LaTeX Font Info:    Checking defaults for OMX/cmex/m/n on input line 5.
LaTeX Font Info:    ... okay on input line 5.
LaTeX Font Info:    Checking defaults for U/cmr/m/n on input line 5.
LaTeX Font Info:    ... okay on input line 5.
LaTeX Font Info:    External font `cmex10' loaded for size
(Font)              <9> on input line 19.
LaTeX Font Info:    External font `cmex10' loaded for size
(Font)              <6> on input line 19.
LaTeX Font Info:    External font `cmex10' loaded for size
(Font)              <5> on input line 19.
LaTeX Font Info:    Try loading font information for U+lasy on input line 19.

(/local/TEX/lib/inputs/latex2e/base/ulasy.fd
File: ulasy.fd 1996/11/20 v2.2dLaTeX symbol font definitions
)
LaTeX Font Info:    External font `cmex10' loaded for size
(Font)              <7> on input line 37.
 [1

] [2] [3]

Package multicol Warning: I moved some lines to the next page.
(multicol)                Footnotes on page 4 might be wrong on input line 376.


[4] [5]
File: fig1.ps Graphic file (type eps)
 <fig1.ps> [6

]
File: fig2.ps Graphic file (type eps)
 <fig2.ps> [7

]
File: fig3.ps Graphic file (type eps)
 <fig3.ps> [8

]
File: fig4.ps Graphic file (type eps)
 <fig4.ps> [9

]
File: fig5.ps Graphic file (type eps)
 <fig5.ps>
[10

]
File: fig6.ps Graphic file (type eps)
 <fig6.ps> [11

] (article.aux) ) 
Here is how much of TeX's memory you used:
 995 strings out of 10928
 10709 string characters out of 448243
 69553 words of memory out of 263001
 3914 multiletter control sequences out of 10000+0
 15798 words of font info for 58 fonts, out of 200000 for 1000
 14 hyphenation exceptions out of 1000
 27i,4n,22p,698b,450s stack positions out of 300i,100n,500p,30000b,4000s

Output written on article.dvi (11 pages, 38736 bytes).
