This is TeX, Version 3.14159 (Web2C 7.2) (format=latex 1999.10.13)  27 JUN 2003 13:28
**reply3.tex
(reply3.tex
LaTeX2e <1998/06/01>
Babel <v3.6h> and hyphenation patterns for english, ukenglish, norsk, german, l
oaded.
(/local/TEX/lib/inputs/latex2e/base/letter.cls
Document Class: letter 1998/05/10 v1.2y Standard LaTeX document class
(/local/TEX/lib/inputs/latex2e/base/size10.clo
File: size10.clo 1998/05/05 v1.3y Standard LaTeX file (size option)
)
\longindentation=\dimen102
\indentedwidth=\dimen103
\labelcount=\count79
) (reply3.aux)
\openout1 = `reply3.aux'.

LaTeX Font Info:    Checking defaults for OML/cmm/m/it on input line 3.
LaTeX Font Info:    ... okay on input line 3.
LaTeX Font Info:    Checking defaults for T1/cmr/m/n on input line 3.
LaTeX Font Info:    ... okay on input line 3.
LaTeX Font Info:    Checking defaults for OT1/cmr/m/n on input line 3.
LaTeX Font Info:    ... okay on input line 3.
LaTeX Font Info:    Checking defaults for OMS/cmsy/m/n on input line 3.
LaTeX Font Info:    ... okay on input line 3.
LaTeX Font Info:    Checking defaults for OMX/cmex/m/n on input line 3.
LaTeX Font Info:    ... okay on input line 3.
LaTeX Font Info:    Checking defaults for U/cmr/m/n on input line 3.
LaTeX Font Info:    ... okay on input line 3.
LaTeX Font Info:    External font `cmex10' loaded for size
(Font)              <7> on input line 19.
LaTeX Font Info:    External font `cmex10' loaded for size
(Font)              <5> on input line 19.
 [1

] [2] [3

]
(reply3.aux) ) 
Here is how much of TeX's memory you used:
 134 strings out of 10928
 1175 string characters out of 448243
 45845 words of memory out of 263001
 3119 multiletter control sequences out of 10000+0
 4291 words of font info for 16 fonts, out of 200000 for 1000
 14 hyphenation exceptions out of 1000
 23i,6n,18p,800b,286s stack positions out of 300i,100n,500p,30000b,4000s

Output written on reply3.dvi (3 pages, 7936 bytes).
