This is TeX, Version 3.14159 (Web2C 7.4.5) (format=latex 2003.8.1)  16 MAR 2005 10:08
**article
(./article.tex
LaTeX2e <2001/06/01>
Babel <v3.7h> and hyphenation patterns for american, french, german, ngerman, n
ohyphenation, loaded.
(/local/TEX/share/texmf/tex/latex/revtex4/revtex4.cls
Document Class: revtex4 2001/08/03 v4.0 (http://publish.aps.org/revtex4/ for do
cumentation)
 Copyright (c) 2001 The American Physical Society.
 mailto:revtex@aps.org
 Licensed under the LPPL:
http://www.ctan.org/tex-archive/macros/latex/base/lppl.txt
 Arthur Ogawa <ogawa@teleport.com>
 Based on work by David Carlisle <david@dcarlisle.demon.co.uk>.
ltxutil: portions licensed from W. E. Baxter (web@superscript.com)
Class revtex4 Info: Repairing broken LateX \@sect on input line 596.
\intertabularlinepenalty=\count79
\@tbpen=\count80
\@arstrutbox@hline=\box26
Class revtex4 Info: Repairing broken LaTeX \@xbitor on input line 1610.
ltxgrid: portions licensed from W. E. Baxter (web@superscript.com)
\c@linecount=\count81
\output=\toks14
\@protection@box=\box27
\@topmark@saved=\toks15
\footins@saved=\box28
\pagesofar=\box29
\footbox=\box30
\pagegrid@col=\count82
Class revtex4 Info: Incorporating package {textcase}  [1998/11/12 v0.06 Text on
ly upper/lower case changing (DPC)]. on input line 3682.
(/local/TEX/share/texmf/tex/latex/misc/url.sty
\Urlmuskip=\muskip10
Package: url 1999/03/28  ver 1.5x  Verb mode for urls, etc.
)
\c@affil=\count83
\absbox=\box31
\c@part=\count84
\c@section=\count85
\c@subsection=\count86
\c@subsubsection=\count87
\c@paragraph=\count88
\c@subparagraph=\count89
\abovecaptionskip=\skip41
\belowcaptionskip=\skip42
\c@figure=\count90
\c@table=\count91

(/local/TEX/share/texmf/tex/latex/natbib/natbib.sty
Package: natbib 2000/07/24 7.0a (PWD)
\bibhang=\skip43
\bibsep=\skip44
LaTeX Info: Redefining \cite on input line 508.
\c@NAT@ctr=\count92
)
\widetext@top=\box32
\widetext@bot=\box33

(/local/TEX/share/texmf/tex/latex/revtex4/revsymb.sty
Package: revsymb 2001/08/03 v4.0 (http://publish.aps.org/revtex4/ for documenta
tion)
LaTeX Info: Redefining \REV@mathfrak on input line 118.
))
(/local/TEX/share/texmf/tex/latex/revtex4/aps.rtx
File: aps.rtx 2001/08/03 v4.0 (http://publish.aps.org/revtex4/ for documentatio
n)
)
(/local/TEX/share/texmf/tex/latex/revtex4/10pt.rtx
File: 10pt.rtx 2001/08/03 v4.0 (http://publish.aps.org/revtex4/ for documentati
on)
)
(/local/TEX/share/texmf/tex/latex/graphics/graphicx.sty
Package: graphicx 1999/02/16 v1.0f Enhanced LaTeX Graphics (DPC,SPQR)

(/local/TEX/share/texmf/tex/latex/graphics/keyval.sty
Package: keyval 1999/03/16 v1.13 key=value parser (DPC)
\KV@toks@=\toks16
)
(/local/TEX/share/texmf/tex/latex/graphics/graphics.sty
Package: graphics 2001/07/07 v1.0n Standard LaTeX Graphics (DPC,SPQR)

(/local/TEX/share/texmf/tex/latex/graphics/trig.sty
Package: trig 1999/03/16 v1.09 sin cos tan (DPC)
)
(/local/TEX/share/texmf/tex/latex/config/graphics.cfg
File: graphics.cfg 2001/08/31 v1.1 graphics configuration of teTeX/TeXLive
)
Package graphics Info: Driver file: dvips.def on input line 80.

(/local/TEX/share/texmf/tex/latex/graphics/dvips.def
File: dvips.def 1999/02/16 v3.0i Driver-dependant file (DPC,SPQR)
))
\Gin@req@height=\dimen102
\Gin@req@width=\dimen103
)
(/local/TEX/share/texmf/tex/latex/graphics/epsfig.sty
Package: epsfig 1999/02/16 v1.7a (e)psfig emulation (SPQR)
\epsfxsize=\dimen104
\epsfysize=\dimen105
)
(/local/TEX/share/texmf/tex/latex/pstricks/pst-plot.sty
Package: pst-plot 1997/03/25 package wrapper for PSTricks pst-plot.tex

(/local/TEX/share/texmf/tex/generic/pstricks/pst-plot.tex
 v97 patch 2, 1999/12/12
(/local/TEX/share/texmf/tex/generic/pstricks/pstricks.tex
`PSTricks' v97 patch 14  <1999/12/23> (tvz)
\pst@dima=\dimen106
\pst@dimb=\dimen107
\pst@dimc=\dimen108
\pst@dimd=\dimen109
\pst@dimg=\dimen110
\pst@dimh=\dimen111
\pst@hbox=\box34
\pst@boxg=\box35
\pst@cnta=\count93
\pst@cntb=\count94
\pst@cntc=\count95
\pst@cntd=\count96
\pst@cntg=\count97
\pst@cnth=\count98
\pst@toks=\toks17
(/local/TEX/share/texmf/tex/generic/pstricks/pstricks.con)
\psunit=\dimen112
\psxunit=\dimen113
\psyunit=\dimen114
\pslinewidth=\dimen115
\pst@customdefs=\toks18
\pslinearc=\dimen116
\everypsbox=\toks19
\psframesep=\dimen117
\pslabelsep=\dimen118
\theoverlaybox=\box36
)
(/local/TEX/share/texmf/tex/generic/multido/multido.tex  v1.4, 93/01/14 <tvz>
\multido@count=\count99
\multidocount=\count100
\multido@stuff=\toks20
))) (/local/TEX/share/texmf/tex/latex/tools/bm.sty
Package: bm 1999/07/05 v1.0g Bold Symbol Support (DPC/FMi)
\symboldoperators=\mathgroup4
\symboldletters=\mathgroup5
\symboldsymbols=\mathgroup6
LaTeX Font Info:    Redeclaring math alphabet \mathbf on input line 137.
LaTeX Info: Redefining \bm on input line 195.
)
(/local/TEX/share/texmf/tex/latex/tools/longtable.sty
Package: longtable 2000/10/22 v4.10 Multi-page Table package (DPC)
\LTleft=\skip45
\LTright=\skip46
\LTpre=\skip47
\LTpost=\skip48
\LTchunksize=\count101
\LTcapwidth=\dimen119
\LT@head=\box37
\LT@firsthead=\box38
\LT@foot=\box39
\LT@lastfoot=\box40
\LT@cols=\count102
\LT@rows=\count103
\c@LT@tables=\count104
\c@LT@chunks=\count105
\LT@p@ftn=\toks21
) (./article.aux)
\openout1 = `article.aux'.

LaTeX Font Info:    Checking defaults for OML/cmm/m/it on input line 8.
LaTeX Font Info:    ... okay on input line 8.
LaTeX Font Info:    Checking defaults for T1/cmr/m/n on input line 8.
LaTeX Font Info:    ... okay on input line 8.
LaTeX Font Info:    Checking defaults for OT1/cmr/m/n on input line 8.
LaTeX Font Info:    ... okay on input line 8.
LaTeX Font Info:    Checking defaults for OMS/cmsy/m/n on input line 8.
LaTeX Font Info:    ... okay on input line 8.
LaTeX Font Info:    Checking defaults for OMX/cmex/m/n on input line 8.
LaTeX Font Info:    ... okay on input line 8.
LaTeX Font Info:    Checking defaults for U/cmr/m/n on input line 8.
LaTeX Font Info:    ... okay on input line 8.
Class revtex4 Info: Patching LaTeX tabular. on input line 8.
Class revtex4 Info: Patching unrecognized longtable package. (Proceeding with f
ingers crossed) on input line 8.
Class revtex4 Info: cite was not loaded (OK!) on input line 8.
Class revtex4 Info: multicol was not loaded (OK!) on input line 8.
LaTeX Font Info:    External font `cmex10' loaded for size
(Font)              <9> on input line 34.
LaTeX Font Info:    External font `cmex10' loaded for size
(Font)              <6> on input line 34.
LaTeX Font Info:    External font `cmex10' loaded for size
(Font)              <5> on input line 34.
LaTeX Font Info:    External font `cmex10' loaded for size
(Font)              <7> on input line 40.
 [1]
[2]
Missing character: There is no   in font cmr10!
 [3] [4] [5] [6] [7]
File: profi_GS.ps Graphic file (type eps)
 <profi_GS.ps>
File: profi_Vortex.ps Graphic file (type eps)
 <profi_Vortex.ps>
File: profi_VMC.ps Graphic file (type eps)
 <profi_VMC.ps> [8]
[9] [10] [11] (./article.aux) ) 
Here is how much of TeX's memory you used:
 3186 strings out of 95847
 37613 string characters out of 1195583
 113005 words of memory out of 1000001
 6114 multiletter control sequences out of 10000+50000
 11315 words of font info for 39 fonts, out of 500000 for 1000
 14 hyphenation exceptions out of 1000
 28i,9n,27p,777b,380s stack positions out of 1500i,500n,5000p,200000b,5000s

Output written on article.dvi (11 pages, 49400 bytes).
