mktexpk --mfmode / --bdpi 600 --mag 1+0/600 --dpi 600 cmbsy8
mktexpk --mfmode / --bdpi 600 --mag 1+0/600 --dpi 600 cmbsy8
mktexpk --mfmode / --bdpi 600 --mag 1+0/600 --dpi 600 cmbsy8
mktexpk --mfmode / --bdpi 600 --mag 1+0/600 --dpi 600 cmbsy8
mktexpk --mfmode / --bdpi 600 --mag 1+0/600 --dpi 600 cmmib7
mktexpk --mfmode / --bdpi 600 --mag 0+540/600 --dpi 540 cmssbx10
mktexpk --mfmode / --bdpi 600 --mag 1+0/600 --dpi 600 cmssi9
mktexpk --mfmode cx --bdpi 300 --mag 0+270/300 --dpi 270 cmssbx10
mktexpk --mfmode / --bdpi 600 --mag 1+0/600 --dpi 600 cmmib7
mktexpk --mfmode / --bdpi 600 --mag 0+540/600 --dpi 540 cmssbx10
mktexpk --mfmode / --bdpi 600 --mag 1+0/600 --dpi 600 cmssi9
mktexpk --mfmode / --bdpi 600 --mag 1+0/600 --dpi 600 cmbsy8
mktexpk --mfmode / --bdpi 600 --mag 1+0/600 --dpi 600 cmmib7
mktexpk --mfmode / --bdpi 600 --mag 0+540/600 --dpi 540 cmssbx10
mktexpk --mfmode / --bdpi 600 --mag 1+0/600 --dpi 600 cmssi9
mktexpk --mfmode / --bdpi 600 --mag 1+0/600 --dpi 600 cmmib7
mktexpk --mfmode / --bdpi 600 --mag 0+540/600 --dpi 540 cmssbx10
mktexpk --mfmode / --bdpi 600 --mag 1+0/600 --dpi 600 cmssi9
mktexpk --mfmode / --bdpi 600 --mag 1+0/600 --dpi 600 cmmib7
mktexpk --mfmode / --bdpi 600 --mag 0+540/600 --dpi 540 cmssbx10
mktexpk --mfmode / --bdpi 600 --mag 1+0/600 --dpi 600 cmssi9
mktexpk --mfmode / --bdpi 600 --mag 1+0/600 --dpi 600 cmmib7
mktexpk --mfmode / --bdpi 600 --mag 0+540/600 --dpi 540 cmssbx10
mktexpk --mfmode / --bdpi 600 --mag 1+0/600 --dpi 600 cmssi9
mktexpk --mfmode / --bdpi 600 --mag 1+0/600 --dpi 600 cmmib7
mktexpk --mfmode / --bdpi 600 --mag 0+540/600 --dpi 540 cmssbx10
mktexpk --mfmode / --bdpi 600 --mag 1+0/600 --dpi 600 cmssi9
mktexpk --mfmode / --bdpi 600 --mag 1+0/600 --dpi 600 cmmib7
mktexpk --mfmode / --bdpi 600 --mag 0+540/600 --dpi 540 cmssbx10
mktexpk --mfmode / --bdpi 600 --mag 1+0/600 --dpi 600 cmssi9
mktexpk --mfmode / --bdpi 600 --mag 1+0/600 --dpi 600 cmmib7
mktexpk --mfmode / --bdpi 600 --mag 0+540/600 --dpi 540 cmssbx10
mktexpk --mfmode / --bdpi 600 --mag 1+0/600 --dpi 600 cmssi9
mktexpk --mfmode / --bdpi 600 --mag 1+0/600 --dpi 600 cmbsy8
mktexpk --mfmode / --bdpi 600 --mag 1+0/600 --dpi 600 cmbsy8
mktexpk --mfmode / --bdpi 600 --mag 1+0/600 --dpi 600 cmbsy8
mktexpk --mfmode / --bdpi 600 --mag 1+0/600 --dpi 600 cmbsy8
mktexpk --mfmode / --bdpi 600 --mag 1+0/600 --dpi 600 cmbsy8
